# JRE version: Java(TM) SE Runtime Environment 18.9 (11.0.17+10) (build 11.0.17+10-LTS-269)
# Java VM: Java HotSpot(TM) 64-Bit Server VM 18.9 (11.0.17+10-LTS-269, mixed mode, tiered, compressed oops, g1 gc, windows-amd64)
Heap:
 garbage-first heap   total 262144K, used 52438K [0x00000000e0000000, 0x0000000100000000)
  region size 1024K, 36 young (36864K), 13 survivors (13312K)
 Metaspace       used 46612K, capacity 47801K, committed 48000K, reserved 296960K
  class space    used 6036K, capacity 6514K, committed 6528K, reserved 253952K
GC Heap History (10 events):
Event: 11.241 GC heap before
{Heap before GC invocations=3 (full 0):
 garbage-first heap   total 262144K, used 51856K [0x00000000e0000000, 0x0000000100000000)
  region size 1024K, 43 young (44032K), 4 survivors (4096K)
 Metaspace       used 17450K, capacity 17869K, committed 18176K, reserved 270336K
  class space    used 2065K, capacity 2178K, committed 2304K, reserved 253952K
}
Event: 11.253 GC heap after
{Heap after GC invocations=4 (full 0):
 garbage-first heap   total 262144K, used 16722K [0x00000000e0000000, 0x0000000100000000)
  region size 1024K, 6 young (6144K), 6 survivors (6144K)
 Metaspace       used 17450K, capacity 17869K, committed 18176K, reserved 270336K
  class space    used 2065K, capacity 2178K, committed 2304K, reserved 253952K
}
Event: 13.795 GC heap before
{Heap before GC invocations=4 (full 0):
 garbage-first heap   total 262144K, used 43346K [0x00000000e0000000, 0x0000000100000000)
  region size 1024K, 33 young (33792K), 6 survivors (6144K)
 Metaspace       used 20620K, capacity 21153K, committed 21248K, reserved 272384K
  class space    used 2537K, capacity 2723K, committed 2816K, reserved 253952K
}
Event: 13.810 GC heap after
{Heap after GC invocations=5 (full 0):
 garbage-first heap   total 262144K, used 17645K [0x00000000e0000000, 0x0000000100000000)
  region size 1024K, 5 young (5120K), 5 survivors (5120K)
 Metaspace       used 20620K, capacity 21153K, committed 21248K, reserved 272384K
  class space    used 2537K, capacity 2723K, committed 2816K, reserved 253952K
}
Event: 18.121 GC heap before
{Heap before GC invocations=6 (full 0):
 garbage-first heap   total 262144K, used 69869K [0x00000000e0000000, 0x0000000100000000)
  region size 1024K, 56 young (57344K), 5 survivors (5120K)
 Metaspace       used 26085K, capacity 26742K, committed 27008K, reserved 278528K
  class space    used 3416K, capacity 3639K, committed 3712K, reserved 253952K
}
Event: 18.131 GC heap after
{Heap after GC invocations=7 (full 0):
 garbage-first heap   total 262144K, used 19705K [0x00000000e0000000, 0x0000000100000000)
  region size 1024K, 3 young (3072K), 3 survivors (3072K)
 Metaspace       used 26085K, capacity 26742K, committed 27008K, reserved 278528K
  class space    used 3416K, capacity 3639K, committed 3712K, reserved 253952K
}
Event: 22.563 GC heap before
{Heap before GC invocations=7 (full 0):
 garbage-first heap   total 262144K, used 85241K [0x00000000e0000000, 0x0000000100000000)
  region size 1024K, 68 young (69632K), 3 survivors (3072K)
 Metaspace       used 34953K, capacity 35741K, committed 35840K, reserved 286720K
  class space    used 4572K, capacity 4900K, committed 4992K, reserved 253952K
}
Event: 22.574 GC heap after
{Heap after GC invocations=8 (full 0):
 garbage-first heap   total 262144K, used 22775K [0x00000000e0000000, 0x0000000100000000)
  region size 1024K, 6 young (6144K), 6 survivors (6144K)
 Metaspace       used 34953K, capacity 35741K, committed 35840K, reserved 286720K
  class space    used 4572K, capacity 4900K, committed 4992K, reserved 253952K
}
Event: 24.687 GC heap before
{Heap before GC invocations=9 (full 0):
 garbage-first heap   total 262144K, used 124151K [0x00000000e0000000, 0x0000000100000000)
  region size 1024K, 102 young (104448K), 6 survivors (6144K)
 Metaspace       used 43713K, capacity 44793K, committed 44928K, reserved 292864K
  class space    used 5588K, capacity 5992K, committed 6016K, reserved 253952K
}
Event: 24.708 GC heap after
{Heap after GC invocations=10 (full 0):
 garbage-first heap   total 262144K, used 29910K [0x00000000e0000000, 0x0000000100000000)
  region size 1024K, 13 young (13312K), 13 survivors (13312K)
 Metaspace       used 43713K, capacity 44793K, committed 44928K, reserved 292864K
  class space    used 5588K, capacity 5992K, committed 6016K, reserved 253952K
}

