# JRE version: Java(TM) SE Runtime Environment 18.9 (11.0.17+10) (build 11.0.17+10-LTS-269)
# Java VM: Java HotSpot(TM) 64-Bit Server VM 18.9 (11.0.17+10-LTS-269, mixed mode, tiered, compressed oops, g1 gc, windows-amd64)
Heap:
 garbage-first heap   total 262144K, used 103668K [0x00000000e0000000, 0x0000000100000000)
  region size 1024K, 60 young (61440K), 3 survivors (3072K)
 Metaspace       used 66020K, capacity 68427K, committed 68648K, reserved 313344K
  class space    used 8660K, capacity 9560K, committed 9676K, reserved 253952K
GC Heap History (10 events):
Event: 12.892 GC heap before
{Heap before GC invocations=8 (full 0):
 garbage-first heap   total 262144K, used 29474K [0x00000000e0000000, 0x0000000100000000)
  region size 1024K, 15 young (15360K), 6 survivors (6144K)
 Metaspace       used 34961K, capacity 35808K, committed 35968K, reserved 286720K
  class space    used 4535K, capacity 4868K, committed 4992K, reserved 253952K
}
Event: 12.917 GC heap after
{Heap after GC invocations=9 (full 0):
 garbage-first heap   total 262144K, used 22592K [0x00000000e0000000, 0x0000000100000000)
  region size 1024K, 7 young (7168K), 7 survivors (7168K)
 Metaspace       used 34961K, capacity 35808K, committed 35968K, reserved 286720K
  class space    used 4535K, capacity 4868K, committed 4992K, reserved 253952K
}
Event: 16.060 GC heap before
{Heap before GC invocations=10 (full 0):
 garbage-first heap   total 262144K, used 103488K [0x00000000e0000000, 0x0000000100000000)
  region size 1024K, 83 young (84992K), 7 survivors (7168K)
 Metaspace       used 41924K, capacity 42969K, committed 43036K, reserved 292864K
  class space    used 5348K, capacity 5719K, committed 5760K, reserved 253952K
}
Event: 16.082 GC heap after
{Heap after GC invocations=11 (full 0):
 garbage-first heap   total 262144K, used 27790K [0x00000000e0000000, 0x0000000100000000)
  region size 1024K, 11 young (11264K), 11 survivors (11264K)
 Metaspace       used 41924K, capacity 42969K, committed 43036K, reserved 292864K
  class space    used 5348K, capacity 5719K, committed 5760K, reserved 253952K
}
Event: 18.974 GC heap before
{Heap before GC invocations=11 (full 0):
 garbage-first heap   total 262144K, used 133262K [0x00000000e0000000, 0x0000000100000000)
  region size 1024K, 114 young (116736K), 11 survivors (11264K)
 Metaspace       used 50391K, capacity 51815K, committed 52124K, reserved 299008K
  class space    used 6532K, capacity 7060K, committed 7168K, reserved 253952K
}
Event: 19.000 GC heap after
{Heap after GC invocations=12 (full 0):
 garbage-first heap   total 262144K, used 34601K [0x00000000e0000000, 0x0000000100000000)
  region size 1024K, 14 young (14336K), 14 survivors (14336K)
 Metaspace       used 50391K, capacity 51815K, committed 52124K, reserved 299008K
  class space    used 6532K, capacity 7060K, committed 7168K, reserved 253952K
}
Event: 23.442 GC heap before
{Heap before GC invocations=12 (full 0):
 garbage-first heap   total 262144K, used 168745K [0x00000000e0000000, 0x0000000100000000)
  region size 1024K, 145 young (148480K), 14 survivors (14336K)
 Metaspace       used 56812K, capacity 58820K, committed 59036K, reserved 305152K
  class space    used 7556K, capacity 8321K, committed 8448K, reserved 253952K
}
Event: 23.484 GC heap after
{Heap after GC invocations=13 (full 0):
 garbage-first heap   total 262144K, used 45863K [0x00000000e0000000, 0x0000000100000000)
  region size 1024K, 19 young (19456K), 19 survivors (19456K)
 Metaspace       used 56812K, capacity 58820K, committed 59036K, reserved 305152K
  class space    used 7556K, capacity 8321K, committed 8448K, reserved 253952K
}
Event: 24.205 GC heap before
{Heap before GC invocations=13 (full 0):
 garbage-first heap   total 262144K, used 56103K [0x00000000e0000000, 0x0000000100000000)
  region size 1024K, 30 young (30720K), 19 survivors (19456K)
 Metaspace       used 58633K, capacity 60605K, committed 60636K, reserved 307200K
  class space    used 7796K, capacity 8556K, committed 8576K, reserved 253952K
}
Event: 24.235 GC heap after
{Heap after GC invocations=14 (full 0):
 garbage-first heap   total 262144K, used 47348K [0x00000000e0000000, 0x0000000100000000)
  region size 1024K, 3 young (3072K), 3 survivors (3072K)
 Metaspace       used 58633K, capacity 60605K, committed 60636K, reserved 307200K
  class space    used 7796K, capacity 8556K, committed 8576K, reserved 253952K
}

