# JRE version: Java(TM) SE Runtime Environment 18.9 (11.0.17+10) (build 11.0.17+10-LTS-269)
# Java VM: Java HotSpot(TM) 64-Bit Server VM 18.9 (11.0.17+10-LTS-269, mixed mode, tiered, compressed oops, g1 gc, windows-amd64)
Heap:
 garbage-first heap   total 262144K, used 208896K [0x00000000e0000000, 0x0000000100000000)
  region size 1024K, 49 young (50176K), 4 survivors (4096K)
 Metaspace       used 91140K, capacity 94085K, committed 94208K, reserved 335872K
  class space    used 11449K, capacity 12497K, committed 12544K, reserved 253952K
GC Heap History (10 events):
Event: 1606.623 GC heap before
{Heap before GC invocations=24 (full 0):
 garbage-first heap   total 262144K, used 156116K [0x00000000e0000000, 0x0000000100000000)
  region size 1024K, 12 young (12288K), 10 survivors (10240K)
 Metaspace       used 76562K, capacity 78946K, committed 79616K, reserved 323584K
  class space    used 9710K, capacity 10532K, committed 10752K, reserved 253952K
}
Event: 1606.688 GC heap after
{Heap after GC invocations=25 (full 0):
 garbage-first heap   total 262144K, used 148435K [0x00000000e0000000, 0x0000000100000000)
  region size 1024K, 1 young (1024K), 1 survivors (1024K)
 Metaspace       used 76562K, capacity 78946K, committed 79616K, reserved 323584K
  class space    used 9710K, capacity 10532K, committed 10752K, reserved 253952K
}
Event: 1608.485 GC heap before
{Heap before GC invocations=25 (full 0):
 garbage-first heap   total 262144K, used 220115K [0x00000000e0000000, 0x0000000100000000)
  region size 1024K, 72 young (73728K), 1 survivors (1024K)
 Metaspace       used 84522K, capacity 87408K, committed 87552K, reserved 329728K
  class space    used 10774K, capacity 11705K, committed 11776K, reserved 253952K
}
Event: 1608.503 GC heap after
{Heap after GC invocations=26 (full 0):
 garbage-first heap   total 262144K, used 154883K [0x00000000e0000000, 0x0000000100000000)
  region size 1024K, 8 young (8192K), 8 survivors (8192K)
 Metaspace       used 84522K, capacity 87408K, committed 87552K, reserved 329728K
  class space    used 10774K, capacity 11705K, committed 11776K, reserved 253952K
}
Event: 1613.587 GC heap before
{Heap before GC invocations=27 (full 0):
 garbage-first heap   total 262144K, used 218371K [0x00000000e0000000, 0x0000000100000000)
  region size 1024K, 71 young (72704K), 8 survivors (8192K)
 Metaspace       used 87011K, capacity 89665K, committed 90112K, reserved 333824K
  class space    used 11028K, capacity 11938K, committed 12032K, reserved 253952K
}
Event: 1613.631 GC heap after
{Heap after GC invocations=28 (full 0):
 garbage-first heap   total 262144K, used 161547K [0x00000000e0000000, 0x0000000100000000)
  region size 1024K, 7 young (7168K), 7 survivors (7168K)
 Metaspace       used 87011K, capacity 89665K, committed 90112K, reserved 333824K
  class space    used 11028K, capacity 11938K, committed 12032K, reserved 253952K
}
Event: 1613.933 GC heap before
{Heap before GC invocations=28 (full 0):
 garbage-first heap   total 262144K, used 166667K [0x00000000e0000000, 0x0000000100000000)
  region size 1024K, 12 young (12288K), 7 survivors (7168K)
 Metaspace       used 87069K, capacity 89747K, committed 90112K, reserved 333824K
  class space    used 11031K, capacity 11942K, committed 12032K, reserved 253952K
}
Event: 1613.949 GC heap after
{Heap after GC invocations=29 (full 0):
 garbage-first heap   total 262144K, used 161792K [0x00000000e0000000, 0x0000000100000000)
  region size 1024K, 1 young (1024K), 1 survivors (1024K)
 Metaspace       used 87069K, capacity 89747K, committed 90112K, reserved 333824K
  class space    used 11031K, capacity 11942K, committed 12032K, reserved 253952K
}
Event: 1620.400 GC heap before
{Heap before GC invocations=29 (full 0):
 garbage-first heap   total 262144K, used 221184K [0x00000000e0000000, 0x0000000100000000)
  region size 1024K, 59 young (60416K), 1 survivors (1024K)
 Metaspace       used 89874K, capacity 92745K, committed 92928K, reserved 335872K
  class space    used 11275K, capacity 12251K, committed 12288K, reserved 253952K
}
Event: 1620.413 GC heap after
{Heap after GC invocations=30 (full 0):
 garbage-first heap   total 262144K, used 164864K [0x00000000e0000000, 0x0000000100000000)
  region size 1024K, 4 young (4096K), 4 survivors (4096K)
 Metaspace       used 89874K, capacity 92745K, committed 92928K, reserved 335872K
  class space    used 11275K, capacity 12251K, committed 12288K, reserved 253952K
}

